[03-Jun-2025 21:11:03 UTC] Router: Usuario no autenticado, redirigiendo
[03-Jun-2025 21:11:20 UTC] PHP Warning:  require_once(/home/u329673490/domains/reservabot.es/public_htmlincludes/db-config.php): Failed to open stream: No such file or directory in /home/u329673490/domains/reservabot.es/public_html/pages/calendario.php on line 3
[03-Jun-2025 21:11:20 UTC] PHP Fatal error:  Uncaught Error: Failed opening required '/home/u329673490/domains/reservabot.es/public_htmlincludes/db-config.php' (include_path='.:/opt/alt/php82/usr/share/pear:/opt/alt/php82/usr/share/php:/usr/share/pear:/usr/share/php') in /home/u329673490/domains/reservabot.es/public_html/pages/calendario.php:3
Stack trace:
#0 /home/u329673490/domains/reservabot.es/public_html/router.php(151): require_once()
#1 /home/u329673490/domains/reservabot.es/public_html/router.php(107): Router->executeRoute()
#2 /home/u329673490/domains/reservabot.es/public_html/router.php(364): Router->resolve()
#3 {main}
  thrown in /home/u329673490/domains/reservabot.es/public_html/pages/calendario.php on line 3
[03-Jun-2025 21:11:28 UTC] Error al obtener configuraciones: SQLSTATE[HY000]: General error: PDO::FETCH_KEY_PAIR fetch mode requires the result set to contain exactly 2 columns.
[03-Jun-2025 21:11:33 UTC] PHP Warning:  require_once(/home/u329673490/domains/reservabot.es/public_htmlincludes/db-config.php): Failed to open stream: No such file or directory in /home/u329673490/domains/reservabot.es/public_html/pages/calendario.php on line 3
[03-Jun-2025 21:11:33 UTC] PHP Fatal error:  Uncaught Error: Failed opening required '/home/u329673490/domains/reservabot.es/public_htmlincludes/db-config.php' (include_path='.:/opt/alt/php82/usr/share/pear:/opt/alt/php82/usr/share/php:/usr/share/pear:/usr/share/php') in /home/u329673490/domains/reservabot.es/public_html/pages/calendario.php:3
Stack trace:
#0 /home/u329673490/domains/reservabot.es/public_html/router.php(151): require_once()
#1 /home/u329673490/domains/reservabot.es/public_html/router.php(107): Router->executeRoute()
#2 /home/u329673490/domains/reservabot.es/public_html/router.php(364): Router->resolve()
#3 {main}
  thrown in /home/u329673490/domains/reservabot.es/public_html/pages/calendario.php on line 3
[03-Jun-2025 21:12:50 UTC] Error al obtener notificaciones: SQLSTATE[42S02]: Base table or view not found: 1146 Table 'u329673490_reservabot.notificaciones' doesn't exist
[03-Jun-2025 21:12:54 UTC] Error al obtener configuraciones: SQLSTATE[HY000]: General error: PDO::FETCH_KEY_PAIR fetch mode requires the result set to contain exactly 2 columns.
[03-Jun-2025 21:13:26 UTC] Error al obtener configuraciones: SQLSTATE[HY000]: General error: PDO::FETCH_KEY_PAIR fetch mode requires the result set to contain exactly 2 columns.
[03-Jun-2025 21:13:43 UTC] PHP Warning:  Trying to access array offset on value of type null in /home/u329673490/domains/reservabot.es/public_html/pages/reserva-form.php on line 209
[03-Jun-2025 21:13:43 UTC] PHP Warning:  Trying to access array offset on value of type null in /home/u329673490/domains/reservabot.es/public_html/pages/reserva-form.php on line 210
[03-Jun-2025 21:17:41 UTC] PHP Warning:  Trying to access array offset on value of type null in /home/u329673490/domains/reservabot.es/public_html/pages/reserva-form.php on line 209
[03-Jun-2025 21:17:41 UTC] PHP Warning:  Trying to access array offset on value of type null in /home/u329673490/domains/reservabot.es/public_html/pages/reserva-form.php on line 210
[03-Jun-2025 21:18:00 UTC] Router: Usuario no autenticado, redirigiendo
[03-Jun-2025 21:18:06 UTC] Intentando autenticar: admin@reservabot.com
[03-Jun-2025 21:18:06 UTC] Autenticación exitosa desde BD para: admin@reservabot.com
[03-Jun-2025 21:18:06 UTC] Sesión creada (database) para: admin@reservabot.com - Session ID: jsh2eipfen7kpb3p3ifgfr5i0k
[03-Jun-2025 21:18:06 UTC] Variables de sesión establecidas: ["user_authenticated","user_id","user_email","user_name","user_role","user_negocio","user_plan","login_time","last_activity","csrf_token","auth_source"]
[03-Jun-2025 21:18:06 UTC] PHP Notice:  session_start(): Ignoring session_start() because a session is already active in /home/u329673490/domains/reservabot.es/public_html/api/login-handler.php on line 64
[03-Jun-2025 21:18:16 UTC] PHP Warning:  Trying to access array offset on value of type null in /home/u329673490/domains/reservabot.es/public_html/pages/reserva-form.php on line 209
[03-Jun-2025 21:18:16 UTC] PHP Warning:  Trying to access array offset on value of type null in /home/u329673490/domains/reservabot.es/public_html/pages/reserva-form.php on line 210
[03-Jun-2025 21:18:20 UTC] Router: Usuario no autenticado, redirigiendo
[03-Jun-2025 21:18:28 UTC] Router: Usuario no autenticado, redirigiendo
[03-Jun-2025 21:18:48 UTC] PHP Warning:  Trying to access array offset on value of type null in /home/u329673490/domains/reservabot.es/public_html/pages/reserva-form.php on line 209
[03-Jun-2025 21:18:48 UTC] PHP Warning:  Trying to access array offset on value of type null in /home/u329673490/domains/reservabot.es/public_html/pages/reserva-form.php on line 210
[03-Jun-2025 21:42:43 UTC] Router: Usuario no autenticado, redirigiendo
[03-Jun-2025 21:42:43 UTC] Router: Usuario no autenticado, redirigiendo
[03-Jun-2025 21:42:44 UTC] Router: Usuario no autenticado, redirigiendo
[03-Jun-2025 23:51:05 UTC] Router: Usuario no autenticado, redirigiendo
[03-Jun-2025 23:51:07 UTC] Router: Usuario no autenticado, redirigiendo
[04-Jun-2025 00:55:03 UTC] Router: 404 - /
[04-Jun-2025 08:13:19 UTC] PHP Warning:  Trying to access array offset on value of type null in /home/u329673490/domains/reservabot.es/public_html/pages/reserva-form.php on line 209
[04-Jun-2025 08:13:19 UTC] PHP Warning:  Trying to access array offset on value of type null in /home/u329673490/domains/reservabot.es/public_html/pages/reserva-form.php on line 210
[04-Jun-2025 08:14:07 UTC] PHP Notice:  session_start(): Ignoring session_start() because a session is already active in /home/u329673490/domains/reservabot.es/public_html/api/crear-reserva.php on line 12
[04-Jun-2025 09:43:31 UTC] Router: Usuario no autenticado, redirigiendo
[04-Jun-2025 12:15:51 UTC] PHP Notice:  session_start(): Ignoring session_start() because a session is already active in /home/u329673490/domains/reservabot.es/public_html/pages/reservas.php on line 4
[04-Jun-2025 12:15:59 UTC] Router: 404 - /reservar.php
[04-Jun-2025 12:17:14 UTC] Router: 404 - /reservar
[04-Jun-2025 13:12:37 UTC] Router: 404 - /api/horas-disponibles.php
[04-Jun-2025 13:13:51 UTC] Router: Usuario no autenticado, redirigiendo
[04-Jun-2025 13:15:50 UTC] Error al obtener configuraciones: SQLSTATE[HY000]: General error: PDO::FETCH_KEY_PAIR fetch mode requires the result set to contain exactly 2 columns.
[04-Jun-2025 13:16:02 UTC] PHP Warning:  Trying to access array offset on value of type null in /home/u329673490/domains/reservabot.es/public_html/pages/reserva-form.php on line 209
[04-Jun-2025 13:16:02 UTC] PHP Warning:  Trying to access array offset on value of type null in /home/u329673490/domains/reservabot.es/public_html/pages/reserva-form.php on line 210
[04-Jun-2025 13:16:20 UTC] PHP Notice:  session_start(): Ignoring session_start() because a session is already active in /home/u329673490/domains/reservabot.es/public_html/api/crear-reserva.php on line 12
[04-Jun-2025 13:16:20 UTC] Router: 404 - /nueva-reserva
[04-Jun-2025 13:16:34 UTC] PHP Notice:  session_start(): Ignoring session_start() because a session is already active in /home/u329673490/domains/reservabot.es/public_html/api/crear-reserva.php on line 12
[04-Jun-2025 13:17:50 UTC] PHP Notice:  session_start(): Ignoring session_start() because a session is already active in /home/u329673490/domains/reservabot.es/public_html/pages/reservas.php on line 4
[04-Jun-2025 13:45:14 UTC] Router: 404 - /api/crear-reserva-publica
[04-Jun-2025 13:45:35 UTC] Router: 404 - /api/crear-reserva-publica
[04-Jun-2025 14:30:38 UTC] PHP Warning:  Trying to access array offset on value of type null in /home/u329673490/domains/reservabot.es/public_html/pages/reserva-form.php on line 209
[04-Jun-2025 14:30:38 UTC] PHP Warning:  Trying to access array offset on value of type null in /home/u329673490/domains/reservabot.es/public_html/pages/reserva-form.php on line 210
[04-Jun-2025 17:24:42 UTC] Cerrando sesión para: admin@reservabot.com
[04-Jun-2025 17:24:42 UTC] Sesión destruida completamente
[04-Jun-2025 17:28:12 UTC] Intentando autenticar: admin@reservabot.com
[04-Jun-2025 17:28:12 UTC] Autenticación exitosa desde BD para: admin@reservabot.com
[04-Jun-2025 17:28:12 UTC] Sesión creada (database) para: admin@reservabot.com - Session ID: hm29558unpu39kfggmmpqtn8pi
[04-Jun-2025 17:28:12 UTC] Variables de sesión establecidas: ["user_authenticated","user_id","user_email","user_name","user_role","user_negocio","user_plan","login_time","last_activity","csrf_token","auth_source"]
[04-Jun-2025 17:28:12 UTC] PHP Notice:  session_start(): Ignoring session_start() because a session is already active in /home/u329673490/domains/reservabot.es/public_html/api/login-handler.php on line 64
[04-Jun-2025 17:28:23 UTC] Router: Usuario no autenticado, redirigiendo
[04-Jun-2025 17:28:28 UTC] Router: Usuario no autenticado, redirigiendo
[04-Jun-2025 17:29:17 UTC] Router: Usuario no autenticado, redirigiendo
[04-Jun-2025 17:29:28 UTC] PHP Warning:  Trying to access array offset on value of type null in /home/u329673490/domains/reservabot.es/public_html/pages/reserva-form.php on line 209
[04-Jun-2025 17:29:28 UTC] PHP Warning:  Trying to access array offset on value of type null in /home/u329673490/domains/reservabot.es/public_html/pages/reserva-form.php on line 210
[04-Jun-2025 17:29:32 UTC] Router: Usuario no autenticado, redirigiendo
[04-Jun-2025 18:53:21 UTC] Router: Usuario no autenticado, redirigiendo
[04-Jun-2025 18:53:22 UTC] Router: Usuario no autenticado, redirigiendo
[04-Jun-2025 18:53:24 UTC] Router: Usuario no autenticado, redirigiendo
[04-Jun-2025 19:32:17 UTC] Router: Usuario no autenticado, redirigiendo
[04-Jun-2025 19:32:37 UTC] Router: Usuario no autenticado, redirigiendo
[04-Jun-2025 19:33:12 UTC] Intentando autenticar: admin@reservabot.com
[04-Jun-2025 19:33:12 UTC] Autenticación exitosa desde BD para: admin@reservabot.com
[04-Jun-2025 19:33:12 UTC] Sesión creada (database) para: admin@reservabot.com - Session ID: holh3m2dddnkpsra8k9drrvfui
[04-Jun-2025 19:33:12 UTC] Variables de sesión establecidas: ["user_authenticated","user_id","user_email","user_name","user_role","user_negocio","user_plan","login_time","last_activity","csrf_token","auth_source"]
[04-Jun-2025 19:33:12 UTC] PHP Notice:  session_start(): Ignoring session_start() because a session is already active in /home/u329673490/domains/reservabot.es/public_html/api/login-handler.php on line 64
[04-Jun-2025 19:49:14 UTC] PHP Warning:  require_once(../includes/db-config.php): Failed to open stream: No such file or directory in /home/u329673490/domains/reservabot.es/public_html/includes/email-functions.php on line 13
[04-Jun-2025 19:49:14 UTC] PHP Fatal error:  Uncaught Error: Failed opening required '../includes/db-config.php' (include_path='.:/opt/alt/php82/usr/share/pear:/opt/alt/php82/usr/share/php:/usr/share/pear:/usr/share/php') in /home/u329673490/domains/reservabot.es/public_html/includes/email-functions.php:13
Stack trace:
#0 /home/u329673490/domains/reservabot.es/public_html/api/crear-reserva-publica.php(8): require_once()
#1 /home/u329673490/domains/reservabot.es/public_html/router.php(149): require_once('/home/u32967349...')
#2 /home/u329673490/domains/reservabot.es/public_html/router.php(105): Router->executeRoute()
#3 /home/u329673490/domains/reservabot.es/public_html/router.php(362): Router->resolve()
#4 {main}
  thrown in /home/u329673490/domains/reservabot.es/public_html/includes/email-functions.php on line 13
[04-Jun-2025 19:52:05 UTC] Error enviando email de confirmación para reserva ID: 33
